[debug] [2025-02-26T02:51:39.626Z] ----------------------------------------------------------------------
[debug] [2025-02-26T02:51:39.629Z] Command:       /usr/local/bin/firebase /Users/user/.cache/firebase/tools/lib/node_modules/firebase-tools/lib/bin/firebase init hosting
[debug] [2025-02-26T02:51:39.629Z] CLI Version:   13.29.0
[debug] [2025-02-26T02:51:39.629Z] Platform:      darwin
[debug] [2025-02-26T02:51:39.630Z] Node Version:  v18.5.0
[debug] [2025-02-26T02:51:39.631Z] Time:          Wed Feb 26 2025 03:51:39 GMT+0100 (West Africa Standard Time)
[debug] [2025-02-26T02:51:39.632Z] ----------------------------------------------------------------------
[debug] 
[debug] [2025-02-26T02:51:39.635Z] >>> [apiv2][query] GET https://firebase-public.firebaseio.com/cli.json [none]
[debug] [2025-02-26T02:51:39.768Z] Object "" in "firebase.json" has unknown property: {"additionalProperty":"flutter"}
[debug] [2025-02-26T02:51:39.774Z] > command requires scopes: ["email","openid","https://www.googleapis.com/auth/cloudplatformprojects.readonly","https://www.googleapis.com/auth/firebase","https://www.googleapis.com/auth/cloud-platform"]
[debug] [2025-02-26T02:51:39.775Z] > authorizing via signed-in user (mustaphadavid98@gmail.com)
[debug] [2025-02-26T02:51:39.776Z] Object "" in "firebase.json" has unknown property: {"additionalProperty":"flutter"}
[info] 
     ######## #### ########  ######## ########     ###     ######  ########
     ##        ##  ##     ## ##       ##     ##  ##   ##  ##       ##
     ######    ##  ########  ######   ########  #########  ######  ######
     ##        ##  ##    ##  ##       ##     ## ##     ##       ## ##
     ##       #### ##     ## ######## ########  ##     ##  ######  ########

You're about to initialize a Firebase project in this directory:

  /Users/user/StudioProjects/first_project

Before we get started, keep in mind:

  * You are initializing within an existing Firebase project directory

[info] 
=== Project Setup
[info] 
[info] First, let's associate this project directory with a Firebase project.
[info] You can create multiple project aliases by running firebase use --add, 
[info] but for now we'll just set up a default project.
[info] 
[debug] [2025-02-26T02:51:40.436Z] <<< [apiv2][status] GET https://firebase-public.firebaseio.com/cli.json 200
[debug] [2025-02-26T02:51:40.436Z] <<< [apiv2][body] GET https://firebase-public.firebaseio.com/cli.json {"cloudBuildErrorAfter":1594252800000,"cloudBuildWarnAfter":1590019200000,"defaultNode10After":1594252800000,"minVersion":"3.0.5","node8DeploysDisabledAfter":1613390400000,"node8RuntimeDisabledAfter":1615809600000,"node8WarnAfter":1600128000000}
[debug] [2025-02-26T02:52:00.387Z] Checked if tokens are valid: false, expires at: 1738905873834
[debug] [2025-02-26T02:52:00.387Z] Checked if tokens are valid: false, expires at: 1738905873834
[debug] [2025-02-26T02:52:00.387Z] > refreshing access token with scopes: []
[debug] [2025-02-26T02:52:00.388Z] >>> [apiv2][query] POST https://www.googleapis.com/oauth2/v3/token [none]
[debug] [2025-02-26T02:52:00.389Z] >>> [apiv2][body] POST https://www.googleapis.com/oauth2/v3/token [omitted]
[debug] [2025-02-26T02:52:00.814Z] <<< [apiv2][status] POST https://www.googleapis.com/oauth2/v3/token 200
[debug] [2025-02-26T02:52:00.815Z] <<< [apiv2][body] POST https://www.googleapis.com/oauth2/v3/token [omitted]
[debug] [2025-02-26T02:52:00.871Z] >>> [apiv2][query] GET https://firebase.googleapis.com/v1beta1/projects pageSize=100
[debug] [2025-02-26T02:52:01.592Z] <<< [apiv2][status] GET https://firebase.googleapis.com/v1beta1/projects 200
[debug] [2025-02-26T02:52:01.592Z] <<< [apiv2][body] GET https://firebase.googleapis.com/v1beta1/projects [omitted]
